converged SCF energy = -111.225169473797
converged SCF energy = -74.9646931916275
converged SCF energy = -111.408077919059
Starting adc2 singlet Jacobi-Davidson ...
Niter n_ss  max_residual  time  Ritz values
  1     6      0.092177  821ms  [0.4008882  0.40092934 0.4494298 ]
  2    12     0.0059539  976ms  [0.33879721 0.33883308 0.4095161 ]
  3    18    0.00061796  695ms  [0.33503654 0.33510021 0.40951458]
  4    24    2.1679e-06  710ms  [0.33407691 0.33411293 0.40951457]
  5    30    5.3286e-09   1.6s  [0.33407553 0.33411179 0.40951457]
=== Converged ===
    Number of matrix applies:    30
    Total solver time:             4s 860ms
+--------------------------------------------------------------+
| adc2                                    singlet ,  converged |
+--------------------------------------------------------------+
|  #        excitation energy     osc str    |v1|^2    |v2|^2  |
|          (au)           (eV)                                 |
|  0     0.3340755      9.090658   0.0282    0.9659   0.03412  |
|  1     0.3341118      9.091645   0.0282    0.9659   0.03412  |
|  2     0.4095146      11.14346   0.0000     0.974   0.02602  |
+--------------------------------------------------------------+

